<?xml version="1.0" encoding="UTF-8"?>
<!-- Generated by org.testng.reporters.JUnitReportReporter -->
<testsuite hostname="sarmili" failures="0" tests="1" name="com.mes.test.smoke.TestSample" time="9.739" errors="0" timestamp="05 Feb 2019 08:54:03 GMT" skipped="0">
  <testcase classname="com.mes.test.smoke.TestSample" name="test_sample" time="9.739"/>
</testsuite> <!-- com.mes.test.smoke.TestSample -->
